Using pre-set license

 COMMAND LINE ARGUMENTS:
/Applications/Unity/Hub/Editor/2020.3.13f1/Unity.app/Contents/MacOS/Unity
-adb2
-batchMode
-noUpm
-name
AssetImportWorker1
-projectPath
/Volumes/SAMSUNG SSD/Brave Game/bravegame/Brave
-logFile
Logs/AssetImportWorker1.log
-srvPort
54809
Successfully changed project path to: /Volumes/SAMSUNG SSD/Brave Game/bravegame/Brave
/Volumes/SAMSUNG SSD/Brave Game/bravegame/Brave
Using Asset Import Pipeline V2.
Refreshing native plugins compatible for Editor in 61.01 ms, found 3 plugins.
Preloading 0 native plugins for Editor in 0.00 ms.
Initialize engine version: 2020.3.13f1 (71691879b7f5)
[Subsystems] Discovering subsystems at path /Applications/Unity/Hub/Editor/2020.3.13f1/Unity.app/Contents/Resources/UnitySubsystems
[Subsystems] Discovering subsystems at path /Volumes/SAMSUNG SSD/Brave Game/bravegame/Brave/Assets
GfxDevice: creating device client; threaded=0
2022-11-11 00:29:30.797 Unity[29251:748214] iMac preferred device: AMD Radeon Pro 5300 (high power)
2022-11-11 00:29:30.797 Unity[29251:748214] Metal devices available: 1
2022-11-11 00:29:30.797 Unity[29251:748214] 0: AMD Radeon Pro 5300 (high power)
2022-11-11 00:29:30.797 Unity[29251:748214] Using device AMD Radeon Pro 5300 (high power)
Initializing Metal device caps: AMD Radeon Pro 5300
Shader 'Universal Render Pipeline/Particles/Lit': fallback shader 'Universal Render Pipeline/Particles/SimpleLit' not found
Initialize mono
Mono path[0] = '/Applications/Unity/Hub/Editor/2020.3.13f1/Unity.app/Contents/Managed'
Mono path[1] = '/Applications/Unity/Hub/Editor/2020.3.13f1/Unity.app/Contents/MonoBleedingEdge/lib/mono/unityjit'
Mono config path = '/Applications/Unity/Hub/Editor/2020.3.13f1/Unity.app/Contents/MonoBleedingEdge/etc'
Using monoOptions --debugger-agent=transport=dt_socket,embedding=1,server=y,suspend=n,address=127.0.0.1:56251
Begin MonoManager ReloadAssembly
Registering precompiled unity dll's ...
Register platform support module: /Applications/Unity/Hub/Editor/2020.3.13f1/PlaybackEngines/WebGLSupport/UnityEditor.WebGL.Extensions.dll
Register platform support module: /Applications/Unity/Hub/Editor/2020.3.13f1/Unity.app/Contents/PlaybackEngines/MacStandaloneSupport/UnityEditor.OSXStandalone.Extensions.dll
Register platform support module: /Applications/Unity/Hub/Editor/2020.3.13f1/PlaybackEngines/WindowsStandaloneSupport/UnityEditor.WindowsStandalone.Extensions.dll
Registered in 0.000672 seconds.
Native extension for WindowsStandalone target not found
Native extension for OSXStandalone target not found
Native extension for WebGL target not found
Refreshing native plugins compatible for Editor in 60.77 ms, found 3 plugins.
Preloading 0 native plugins for Editor in 0.00 ms.
Mono: successfully reloaded assembly
- Completed reload, in  2.233 seconds
Platform modules already initialized, skipping
Registering precompiled user dll's ...
Registered in 0.002020 seconds.
Begin MonoManager ReloadAssembly
Native extension for WindowsStandalone target not found
Native extension for OSXStandalone target not found
Native extension for WebGL target not found
Refreshing native plugins compatible for Editor in 60.07 ms, found 3 plugins.
Preloading 0 native plugins for Editor in 0.00 ms.
Mono: successfully reloaded assembly
- Completed reload, in  1.319 seconds
Platform modules already initialized, skipping
========================================================================
Worker process is ready to serve import requests
Shader 'Universal Render Pipeline/Particles/Lit': fallback shader 'Universal Render Pipeline/Particles/SimpleLit' not found
Launching external process: /Applications/Unity/Hub/Editor/2020.3.13f1/Unity.app/Contents/Tools/UnityShaderCompiler
Launched and connected shader compiler UnityShaderCompiler after 0.01 seconds
Refreshing native plugins compatible for Editor in 0.64 ms, found 3 plugins.
Preloading 0 native plugins for Editor in 0.00 ms.
Unloading 3785 Unused Serialized files (Serialized files now loaded: 0)
System memory in use before: 269.5 MB.
System memory in use after: 269.6 MB.

Unloading 36 unused Assets to reduce memory usage. Loaded Objects now: 4238.
Total: 2.683974 ms (FindLiveObjects: 0.334984 ms CreateObjectMapping: 0.139722 ms MarkObjects: 2.098795 ms  DeleteObjects: 0.109799 ms)

AssetImportParameters requested are different than current active one (requested -> active):
  custom:video-decoder-ogg-theora: a1e56fd34408186e4bbccfd4996cb3dc -> 
  custom:container-muxer-webm: aa71ff27fc2769a1b78a27578f13a17b -> 
  custom:container-demuxer-webm: 4f35f7cbe854078d1ac9338744f61a02 -> 
  custom:container-demuxer-ogg: 62fdf1f143b41e24485cea50d1cbac27 -> 
  custom:video-encoder-webm-vp8: eb34c28f22e8b96e1ab97ce403110664 -> 
  custom:framework-osx-AVFoundation: b23960f63f64bdc6ff669e2cdcee2391 -> 
  custom:video-decoder-webm-vp8: 9c59270c3fd7afecdb556c50c9e8de78 -> 
  custom:audio-decoder-ogg-vorbis: bf7c407c2cedff20999df2af8eb42d56 -> 
  custom:audio-encoder-webm-vorbis: bf7c407c2cedff20999df2af8eb42d56 -> 
========================================================================
Received Prepare
Shader 'Universal Render Pipeline/Particles/Lit': fallback shader 'Universal Render Pipeline/Particles/SimpleLit' not found
Refreshing native plugins compatible for Editor in 2.38 ms, found 3 plugins.
Preloading 0 native plugins for Editor in 0.00 ms.
Unloading 20 Unused Serialized files (Serialized files now loaded: 0)
System memory in use before: 190.1 MB.
System memory in use after: 190.3 MB.

Unloading 20 unused Assets to reduce memory usage. Loaded Objects now: 4238.
Total: 2.831176 ms (FindLiveObjects: 0.342634 ms CreateObjectMapping: 0.154608 ms MarkObjects: 2.234071 ms  DeleteObjects: 0.099241 ms)

AssetImportParameters requested are different than current active one (requested -> active):
  custom:video-decoder-ogg-theora: a1e56fd34408186e4bbccfd4996cb3dc -> 
  custom:container-muxer-webm: aa71ff27fc2769a1b78a27578f13a17b -> 
  custom:container-demuxer-webm: 4f35f7cbe854078d1ac9338744f61a02 -> 
  custom:container-demuxer-ogg: 62fdf1f143b41e24485cea50d1cbac27 -> 
  custom:video-encoder-webm-vp8: eb34c28f22e8b96e1ab97ce403110664 -> 
  custom:framework-osx-AVFoundation: b23960f63f64bdc6ff669e2cdcee2391 -> 
  custom:video-decoder-webm-vp8: 9c59270c3fd7afecdb556c50c9e8de78 -> 
  custom:audio-decoder-ogg-vorbis: bf7c407c2cedff20999df2af8eb42d56 -> 
  custom:audio-encoder-webm-vorbis: bf7c407c2cedff20999df2af8eb42d56 -> 
========================================================================
Received Import Request.
  path: Assets/_Scenes/1House.unity
  artifactKey: Guid(04e5bfdc2f5644c05af1c6a885e314f8) Importer(815301076,1909f56bfc062723c751e8b465ee728b)
Start importing Assets/_Scenes/1House.unity using Guid(04e5bfdc2f5644c05af1c6a885e314f8) Importer(815301076,1909f56bfc062723c751e8b465ee728b)  -> (artifact id: '751bfa96e584a8f591f1bffcc1bf6182') in 0.011957 seconds 
  Import took 0.018019 seconds .

========================================================================
Received Import Request.
  Time since last request: 38.186439 seconds.
  path: Assets/_Scenes/2Backyard.unity
  artifactKey: Guid(d2a0a4222dec14eedabb09be5ff40c15) Importer(815301076,1909f56bfc062723c751e8b465ee728b)
Start importing Assets/_Scenes/2Backyard.unity using Guid(d2a0a4222dec14eedabb09be5ff40c15) Importer(815301076,1909f56bfc062723c751e8b465ee728b)  -> (artifact id: 'f9c3f8a686086542799bd48b7b775800') in 0.006393 seconds 
  Import took 0.012489 seconds .

========================================================================
Received Prepare
Registering precompiled user dll's ...
Registered in 0.002220 seconds.
Begin MonoManager ReloadAssembly
Native extension for WindowsStandalone target not found
Native extension for OSXStandalone target not found
Native extension for WebGL target not found
Refreshing native plugins compatible for Editor in 0.73 ms, found 3 plugins.
Preloading 0 native plugins for Editor in 0.00 ms.
Mono: successfully reloaded assembly
- Completed reload, in  1.195 seconds
Platform modules already initialized, skipping
Shader 'Universal Render Pipeline/Particles/Lit': fallback shader 'Universal Render Pipeline/Particles/SimpleLit' not found
Refreshing native plugins compatible for Editor in 0.65 ms, found 3 plugins.
Preloading 0 native plugins for Editor in 0.00 ms.
Unloading 3673 Unused Serialized files (Serialized files now loaded: 0)
System memory in use before: 262.7 MB.
System memory in use after: 262.8 MB.

Unloading 23 unused Assets to reduce memory usage. Loaded Objects now: 4241.
Total: 3.049245 ms (FindLiveObjects: 0.617875 ms CreateObjectMapping: 0.266716 ms MarkObjects: 2.056328 ms  DeleteObjects: 0.107577 ms)

AssetImportParameters requested are different than current active one (requested -> active):
  custom:video-decoder-ogg-theora: a1e56fd34408186e4bbccfd4996cb3dc -> 
  custom:container-muxer-webm: aa71ff27fc2769a1b78a27578f13a17b -> 
  custom:container-demuxer-webm: 4f35f7cbe854078d1ac9338744f61a02 -> 
  custom:container-demuxer-ogg: 62fdf1f143b41e24485cea50d1cbac27 -> 
  custom:video-encoder-webm-vp8: eb34c28f22e8b96e1ab97ce403110664 -> 
  custom:framework-osx-AVFoundation: b23960f63f64bdc6ff669e2cdcee2391 -> 
  custom:video-decoder-webm-vp8: 9c59270c3fd7afecdb556c50c9e8de78 -> 
  custom:audio-decoder-ogg-vorbis: bf7c407c2cedff20999df2af8eb42d56 -> 
  custom:audio-encoder-webm-vorbis: bf7c407c2cedff20999df2af8eb42d56 -> 
========================================================================
Received Import Request.
  Time since last request: 121.557503 seconds.
  path: Assets/Audio/Music/Lacrimm - Ruined.mp3
  artifactKey: Guid(dc12e4b0233b842098cb6c7b20357435) Importer(815301076,1909f56bfc062723c751e8b465ee728b)
Start importing Assets/Audio/Music/Lacrimm - Ruined.mp3 using Guid(dc12e4b0233b842098cb6c7b20357435) Importer(815301076,1909f56bfc062723c751e8b465ee728b)  -> (artifact id: '271fd8c1549799e74cff12122bf7efda') in 0.263698 seconds 
  Import took 0.268832 seconds .

========================================================================
Received Prepare
Registering precompiled user dll's ...
Registered in 0.002154 seconds.
Begin MonoManager ReloadAssembly
Native extension for WindowsStandalone target not found
Native extension for OSXStandalone target not found
Native extension for WebGL target not found
Refreshing native plugins compatible for Editor in 0.82 ms, found 3 plugins.
Preloading 0 native plugins for Editor in 0.00 ms.
Mono: successfully reloaded assembly
- Completed reload, in  1.172 seconds
Platform modules already initialized, skipping
Shader 'Universal Render Pipeline/Particles/Lit': fallback shader 'Universal Render Pipeline/Particles/SimpleLit' not found
Refreshing native plugins compatible for Editor in 0.65 ms, found 3 plugins.
Preloading 0 native plugins for Editor in 0.00 ms.
Unloading 3673 Unused Serialized files (Serialized files now loaded: 0)
System memory in use before: 270.6 MB.
System memory in use after: 270.8 MB.

Unloading 23 unused Assets to reduce memory usage. Loaded Objects now: 4253.
Total: 2.819171 ms (FindLiveObjects: 0.363595 ms CreateObjectMapping: 0.155478 ms MarkObjects: 2.198777 ms  DeleteObjects: 0.100607 ms)

AssetImportParameters requested are different than current active one (requested -> active):
  custom:video-decoder-ogg-theora: a1e56fd34408186e4bbccfd4996cb3dc -> 
  custom:container-muxer-webm: aa71ff27fc2769a1b78a27578f13a17b -> 
  custom:container-demuxer-webm: 4f35f7cbe854078d1ac9338744f61a02 -> 
  custom:container-demuxer-ogg: 62fdf1f143b41e24485cea50d1cbac27 -> 
  custom:video-encoder-webm-vp8: eb34c28f22e8b96e1ab97ce403110664 -> 
  custom:framework-osx-AVFoundation: b23960f63f64bdc6ff669e2cdcee2391 -> 
  custom:video-decoder-webm-vp8: 9c59270c3fd7afecdb556c50c9e8de78 -> 
  custom:audio-decoder-ogg-vorbis: bf7c407c2cedff20999df2af8eb42d56 -> 
  custom:audio-encoder-webm-vorbis: bf7c407c2cedff20999df2af8eb42d56 -> 
========================================================================
Received Import Request.
  Time since last request: 31.118158 seconds.
  path: Assets/Audio/Music/Lacrimm - Ruined.mp3
  artifactKey: Guid(dc12e4b0233b842098cb6c7b20357435) Importer(815301076,1909f56bfc062723c751e8b465ee728b)
Start importing Assets/Audio/Music/Lacrimm - Ruined.mp3 using Guid(dc12e4b0233b842098cb6c7b20357435) Importer(815301076,1909f56bfc062723c751e8b465ee728b)  -> (artifact id: '3a3ce438c1fe1ac245a81166244bbf56') in 0.044079 seconds 
  Import took 0.049613 seconds .

========================================================================
Received Import Request.
  Time since last request: 114.807561 seconds.
  path: Assets/_Scenes/0Town.unity
  artifactKey: Guid(7719fa95baaeb4a52b404dcb8a2f2356) Importer(815301076,1909f56bfc062723c751e8b465ee728b)
Start importing Assets/_Scenes/0Town.unity using Guid(7719fa95baaeb4a52b404dcb8a2f2356) Importer(815301076,1909f56bfc062723c751e8b465ee728b)  -> (artifact id: '3efa30c09e4f30070b842eff3b635732') in 0.005077 seconds 
  Import took 0.010981 seconds .

========================================================================
Received Import Request.
  Time since last request: 31.572300 seconds.
  path: Assets/_Scenes/2Backyard.unity
  artifactKey: Guid(d2a0a4222dec14eedabb09be5ff40c15) Importer(815301076,1909f56bfc062723c751e8b465ee728b)
Start importing Assets/_Scenes/2Backyard.unity using Guid(d2a0a4222dec14eedabb09be5ff40c15) Importer(815301076,1909f56bfc062723c751e8b465ee728b)  -> (artifact id: 'a1b77333510446783ee4bc16cf01f83f') in 0.006347 seconds 
  Import took 0.011650 seconds .

========================================================================
Received Prepare
Registering precompiled user dll's ...
Registered in 0.002195 seconds.
Begin MonoManager ReloadAssembly
Native extension for WindowsStandalone target not found
Native extension for OSXStandalone target not found
Native extension for WebGL target not found
Refreshing native plugins compatible for Editor in 0.69 ms, found 3 plugins.
Preloading 0 native plugins for Editor in 0.00 ms.
Mono: successfully reloaded assembly
- Completed reload, in  1.181 seconds
Platform modules already initialized, skipping
Shader 'Universal Render Pipeline/Particles/Lit': fallback shader 'Universal Render Pipeline/Particles/SimpleLit' not found
Refreshing native plugins compatible for Editor in 0.65 ms, found 3 plugins.
Preloading 0 native plugins for Editor in 0.00 ms.
Unloading 3673 Unused Serialized files (Serialized files now loaded: 0)
System memory in use before: 271.0 MB.
System memory in use after: 271.1 MB.

Unloading 23 unused Assets to reduce memory usage. Loaded Objects now: 4257.
Total: 2.749018 ms (FindLiveObjects: 0.367685 ms CreateObjectMapping: 0.150421 ms MarkObjects: 2.123094 ms  DeleteObjects: 0.106999 ms)

AssetImportParameters requested are different than current active one (requested -> active):
  custom:video-decoder-ogg-theora: a1e56fd34408186e4bbccfd4996cb3dc -> 
  custom:container-muxer-webm: aa71ff27fc2769a1b78a27578f13a17b -> 
  custom:container-demuxer-webm: 4f35f7cbe854078d1ac9338744f61a02 -> 
  custom:container-demuxer-ogg: 62fdf1f143b41e24485cea50d1cbac27 -> 
  custom:video-encoder-webm-vp8: eb34c28f22e8b96e1ab97ce403110664 -> 
  custom:framework-osx-AVFoundation: b23960f63f64bdc6ff669e2cdcee2391 -> 
  custom:video-decoder-webm-vp8: 9c59270c3fd7afecdb556c50c9e8de78 -> 
  custom:audio-decoder-ogg-vorbis: bf7c407c2cedff20999df2af8eb42d56 -> 
  custom:audio-encoder-webm-vorbis: bf7c407c2cedff20999df2af8eb42d56 -> 
========================================================================
Received Prepare
Registering precompiled user dll's ...
Registered in 0.002579 seconds.
Begin MonoManager ReloadAssembly
Native extension for WindowsStandalone target not found
Native extension for OSXStandalone target not found
Native extension for WebGL target not found
Refreshing native plugins compatible for Editor in 0.65 ms, found 3 plugins.
Preloading 0 native plugins for Editor in 0.00 ms.
Mono: successfully reloaded assembly
- Completed reload, in  1.175 seconds
Platform modules already initialized, skipping
Shader 'Universal Render Pipeline/Particles/Lit': fallback shader 'Universal Render Pipeline/Particles/SimpleLit' not found
Refreshing native plugins compatible for Editor in 0.67 ms, found 3 plugins.
Preloading 0 native plugins for Editor in 0.00 ms.
Unloading 3673 Unused Serialized files (Serialized files now loaded: 0)
System memory in use before: 271.2 MB.
System memory in use after: 271.4 MB.

Unloading 23 unused Assets to reduce memory usage. Loaded Objects now: 4260.
Total: 2.798577 ms (FindLiveObjects: 0.365930 ms CreateObjectMapping: 0.155587 ms MarkObjects: 2.128344 ms  DeleteObjects: 0.147781 ms)

AssetImportParameters requested are different than current active one (requested -> active):
  custom:video-decoder-ogg-theora: a1e56fd34408186e4bbccfd4996cb3dc -> 
  custom:container-muxer-webm: aa71ff27fc2769a1b78a27578f13a17b -> 
  custom:container-demuxer-webm: 4f35f7cbe854078d1ac9338744f61a02 -> 
  custom:container-demuxer-ogg: 62fdf1f143b41e24485cea50d1cbac27 -> 
  custom:video-encoder-webm-vp8: eb34c28f22e8b96e1ab97ce403110664 -> 
  custom:framework-osx-AVFoundation: b23960f63f64bdc6ff669e2cdcee2391 -> 
  custom:video-decoder-webm-vp8: 9c59270c3fd7afecdb556c50c9e8de78 -> 
  custom:audio-decoder-ogg-vorbis: bf7c407c2cedff20999df2af8eb42d56 -> 
  custom:audio-encoder-webm-vorbis: bf7c407c2cedff20999df2af8eb42d56 -> 
========================================================================
Received Prepare
Registering precompiled user dll's ...
Registered in 0.002167 seconds.
Begin MonoManager ReloadAssembly
Native extension for WindowsStandalone target not found
Native extension for OSXStandalone target not found
Native extension for WebGL target not found
Refreshing native plugins compatible for Editor in 0.64 ms, found 3 plugins.
Preloading 0 native plugins for Editor in 0.00 ms.
Mono: successfully reloaded assembly
- Completed reload, in  1.157 seconds
Platform modules already initialized, skipping
Shader 'Universal Render Pipeline/Particles/Lit': fallback shader 'Universal Render Pipeline/Particles/SimpleLit' not found
Refreshing native plugins compatible for Editor in 0.66 ms, found 3 plugins.
Preloading 0 native plugins for Editor in 0.00 ms.
Unloading 3673 Unused Serialized files (Serialized files now loaded: 0)
System memory in use before: 271.5 MB.
System memory in use after: 271.6 MB.

Unloading 23 unused Assets to reduce memory usage. Loaded Objects now: 4263.
Total: 2.657823 ms (FindLiveObjects: 0.325140 ms CreateObjectMapping: 0.138287 ms MarkObjects: 2.089045 ms  DeleteObjects: 0.104683 ms)

AssetImportParameters requested are different than current active one (requested -> active):
  custom:video-decoder-ogg-theora: a1e56fd34408186e4bbccfd4996cb3dc -> 
  custom:container-muxer-webm: aa71ff27fc2769a1b78a27578f13a17b -> 
  custom:container-demuxer-webm: 4f35f7cbe854078d1ac9338744f61a02 -> 
  custom:container-demuxer-ogg: 62fdf1f143b41e24485cea50d1cbac27 -> 
  custom:video-encoder-webm-vp8: eb34c28f22e8b96e1ab97ce403110664 -> 
  custom:framework-osx-AVFoundation: b23960f63f64bdc6ff669e2cdcee2391 -> 
  custom:video-decoder-webm-vp8: 9c59270c3fd7afecdb556c50c9e8de78 -> 
  custom:audio-decoder-ogg-vorbis: bf7c407c2cedff20999df2af8eb42d56 -> 
  custom:audio-encoder-webm-vorbis: bf7c407c2cedff20999df2af8eb42d56 -> 
========================================================================
Received Prepare
Registering precompiled user dll's ...
Registered in 0.002216 seconds.
Begin MonoManager ReloadAssembly
Native extension for WindowsStandalone target not found
Native extension for OSXStandalone target not found
Native extension for WebGL target not found
Refreshing native plugins compatible for Editor in 0.66 ms, found 3 plugins.
Preloading 0 native plugins for Editor in 0.00 ms.
Mono: successfully reloaded assembly
- Completed reload, in  1.186 seconds
Platform modules already initialized, skipping
Shader 'Universal Render Pipeline/Particles/Lit': fallback shader 'Universal Render Pipeline/Particles/SimpleLit' not found
Refreshing native plugins compatible for Editor in 0.65 ms, found 3 plugins.
Preloading 0 native plugins for Editor in 0.00 ms.
Unloading 3673 Unused Serialized files (Serialized files now loaded: 0)
System memory in use before: 271.8 MB.
System memory in use after: 271.9 MB.

Unloading 23 unused Assets to reduce memory usage. Loaded Objects now: 4266.
Total: 2.624776 ms (FindLiveObjects: 0.330167 ms CreateObjectMapping: 0.138850 ms MarkObjects: 2.049242 ms  DeleteObjects: 0.105996 ms)

AssetImportParameters requested are different than current active one (requested -> active):
  custom:video-decoder-ogg-theora: a1e56fd34408186e4bbccfd4996cb3dc -> 
  custom:container-muxer-webm: aa71ff27fc2769a1b78a27578f13a17b -> 
  custom:container-demuxer-webm: 4f35f7cbe854078d1ac9338744f61a02 -> 
  custom:container-demuxer-ogg: 62fdf1f143b41e24485cea50d1cbac27 -> 
  custom:video-encoder-webm-vp8: eb34c28f22e8b96e1ab97ce403110664 -> 
  custom:framework-osx-AVFoundation: b23960f63f64bdc6ff669e2cdcee2391 -> 
  custom:video-decoder-webm-vp8: 9c59270c3fd7afecdb556c50c9e8de78 -> 
  custom:audio-decoder-ogg-vorbis: bf7c407c2cedff20999df2af8eb42d56 -> 
  custom:audio-encoder-webm-vorbis: bf7c407c2cedff20999df2af8eb42d56 -> 
========================================================================
Received Import Request.
  Time since last request: 723.450483 seconds.
  path: Assets/_Scenes/2Backyard.unity
  artifactKey: Guid(d2a0a4222dec14eedabb09be5ff40c15) Importer(815301076,1909f56bfc062723c751e8b465ee728b)
Start importing Assets/_Scenes/2Backyard.unity using Guid(d2a0a4222dec14eedabb09be5ff40c15) Importer(815301076,1909f56bfc062723c751e8b465ee728b)  -> (artifact id: '48df4bceac18342fd7bbed8da4701898') in 0.014357 seconds 
  Import took 0.020371 seconds .

========================================================================
Received Prepare
Registering precompiled user dll's ...
Registered in 0.002955 seconds.
Begin MonoManager ReloadAssembly
Native extension for WindowsStandalone target not found
Native extension for OSXStandalone target not found
Native extension for WebGL target not found
Refreshing native plugins compatible for Editor in 0.72 ms, found 3 plugins.
Preloading 0 native plugins for Editor in 0.00 ms.
Mono: successfully reloaded assembly
- Completed reload, in  1.277 seconds
Platform modules already initialized, skipping
Shader 'Universal Render Pipeline/Particles/Lit': fallback shader 'Universal Render Pipeline/Particles/SimpleLit' not found
Refreshing native plugins compatible for Editor in 0.67 ms, found 3 plugins.
Preloading 0 native plugins for Editor in 0.00 ms.
Unloading 3673 Unused Serialized files (Serialized files now loaded: 0)
System memory in use before: 272.0 MB.
System memory in use after: 272.1 MB.

Unloading 23 unused Assets to reduce memory usage. Loaded Objects now: 4269.
Total: 2.778344 ms (FindLiveObjects: 0.348130 ms CreateObjectMapping: 0.163891 ms MarkObjects: 2.159193 ms  DeleteObjects: 0.106185 ms)

AssetImportParameters requested are different than current active one (requested -> active):
  custom:video-decoder-ogg-theora: a1e56fd34408186e4bbccfd4996cb3dc -> 
  custom:container-muxer-webm: aa71ff27fc2769a1b78a27578f13a17b -> 
  custom:container-demuxer-webm: 4f35f7cbe854078d1ac9338744f61a02 -> 
  custom:container-demuxer-ogg: 62fdf1f143b41e24485cea50d1cbac27 -> 
  custom:video-encoder-webm-vp8: eb34c28f22e8b96e1ab97ce403110664 -> 
  custom:framework-osx-AVFoundation: b23960f63f64bdc6ff669e2cdcee2391 -> 
  custom:video-decoder-webm-vp8: 9c59270c3fd7afecdb556c50c9e8de78 -> 
  custom:audio-decoder-ogg-vorbis: bf7c407c2cedff20999df2af8eb42d56 -> 
  custom:audio-encoder-webm-vorbis: bf7c407c2cedff20999df2af8eb42d56 -> 
========================================================================
Received Prepare
Registering precompiled user dll's ...
Registered in 0.002063 seconds.
Begin MonoManager ReloadAssembly
Native extension for WindowsStandalone target not found
Native extension for OSXStandalone target not found
Native extension for WebGL target not found
Refreshing native plugins compatible for Editor in 0.64 ms, found 3 plugins.
Preloading 0 native plugins for Editor in 0.00 ms.
Mono: successfully reloaded assembly
- Completed reload, in  1.190 seconds
Platform modules already initialized, skipping
Shader 'Universal Render Pipeline/Particles/Lit': fallback shader 'Universal Render Pipeline/Particles/SimpleLit' not found
Refreshing native plugins compatible for Editor in 0.68 ms, found 3 plugins.
Preloading 0 native plugins for Editor in 0.00 ms.
Unloading 3673 Unused Serialized files (Serialized files now loaded: 0)
System memory in use before: 272.3 MB.
System memory in use after: 272.4 MB.

Unloading 23 unused Assets to reduce memory usage. Loaded Objects now: 4272.
Total: 3.318066 ms (FindLiveObjects: 0.324410 ms CreateObjectMapping: 0.154575 ms MarkObjects: 2.735560 ms  DeleteObjects: 0.102373 ms)

AssetImportParameters requested are different than current active one (requested -> active):
  custom:video-decoder-ogg-theora: a1e56fd34408186e4bbccfd4996cb3dc -> 
  custom:container-muxer-webm: aa71ff27fc2769a1b78a27578f13a17b -> 
  custom:container-demuxer-webm: 4f35f7cbe854078d1ac9338744f61a02 -> 
  custom:container-demuxer-ogg: 62fdf1f143b41e24485cea50d1cbac27 -> 
  custom:video-encoder-webm-vp8: eb34c28f22e8b96e1ab97ce403110664 -> 
  custom:framework-osx-AVFoundation: b23960f63f64bdc6ff669e2cdcee2391 -> 
  custom:video-decoder-webm-vp8: 9c59270c3fd7afecdb556c50c9e8de78 -> 
  custom:audio-decoder-ogg-vorbis: bf7c407c2cedff20999df2af8eb42d56 -> 
  custom:audio-encoder-webm-vorbis: bf7c407c2cedff20999df2af8eb42d56 -> 
========================================================================
Received Prepare
Registering precompiled user dll's ...
Registered in 0.002091 seconds.
Begin MonoManager ReloadAssembly
Native extension for WindowsStandalone target not found
Native extension for OSXStandalone target not found
Native extension for WebGL target not found
Refreshing native plugins compatible for Editor in 0.68 ms, found 3 plugins.
Preloading 0 native plugins for Editor in 0.00 ms.
Mono: successfully reloaded assembly
- Completed reload, in  1.175 seconds
Platform modules already initialized, skipping
Shader 'Universal Render Pipeline/Particles/Lit': fallback shader 'Universal Render Pipeline/Particles/SimpleLit' not found
Refreshing native plugins compatible for Editor in 0.77 ms, found 3 plugins.
Preloading 0 native plugins for Editor in 0.00 ms.
Unloading 3673 Unused Serialized files (Serialized files now loaded: 0)
System memory in use before: 272.5 MB.
System memory in use after: 272.7 MB.

Unloading 23 unused Assets to reduce memory usage. Loaded Objects now: 4275.
Total: 2.799508 ms (FindLiveObjects: 0.335025 ms CreateObjectMapping: 0.163224 ms MarkObjects: 2.098637 ms  DeleteObjects: 0.201825 ms)

AssetImportParameters requested are different than current active one (requested -> active):
  custom:video-decoder-ogg-theora: a1e56fd34408186e4bbccfd4996cb3dc -> 
  custom:container-muxer-webm: aa71ff27fc2769a1b78a27578f13a17b -> 
  custom:container-demuxer-webm: 4f35f7cbe854078d1ac9338744f61a02 -> 
  custom:container-demuxer-ogg: 62fdf1f143b41e24485cea50d1cbac27 -> 
  custom:video-encoder-webm-vp8: eb34c28f22e8b96e1ab97ce403110664 -> 
  custom:framework-osx-AVFoundation: b23960f63f64bdc6ff669e2cdcee2391 -> 
  custom:video-decoder-webm-vp8: 9c59270c3fd7afecdb556c50c9e8de78 -> 
  custom:audio-decoder-ogg-vorbis: bf7c407c2cedff20999df2af8eb42d56 -> 
  custom:audio-encoder-webm-vorbis: bf7c407c2cedff20999df2af8eb42d56 -> 
========================================================================
Received Import Request.
  Time since last request: 165.397983 seconds.
  path: Assets/_Scenes/1House.unity
  artifactKey: Guid(04e5bfdc2f5644c05af1c6a885e314f8) Importer(815301076,1909f56bfc062723c751e8b465ee728b)
Start importing Assets/_Scenes/1House.unity using Guid(04e5bfdc2f5644c05af1c6a885e314f8) Importer(815301076,1909f56bfc062723c751e8b465ee728b)  -> (artifact id: '30274a52fd050d5353d775c720a73b91') in 0.014303 seconds 
  Import took 0.019673 seconds .

========================================================================
Received Prepare
Registering precompiled user dll's ...
Registered in 0.002327 seconds.
Begin MonoManager ReloadAssembly
Native extension for WindowsStandalone target not found
Native extension for OSXStandalone target not found
Native extension for WebGL target not found
Refreshing native plugins compatible for Editor in 0.65 ms, found 3 plugins.
Preloading 0 native plugins for Editor in 0.00 ms.
Mono: successfully reloaded assembly
- Completed reload, in  1.184 seconds
Platform modules already initialized, skipping
Shader 'Universal Render Pipeline/Particles/Lit': fallback shader 'Universal Render Pipeline/Particles/SimpleLit' not found
Refreshing native plugins compatible for Editor in 0.65 ms, found 3 plugins.
Preloading 0 native plugins for Editor in 0.00 ms.
Unloading 3673 Unused Serialized files (Serialized files now loaded: 0)
System memory in use before: 272.8 MB.
System memory in use after: 272.9 MB.

Unloading 23 unused Assets to reduce memory usage. Loaded Objects now: 4278.
Total: 2.833956 ms (FindLiveObjects: 0.332422 ms CreateObjectMapping: 0.146822 ms MarkObjects: 2.243273 ms  DeleteObjects: 0.110718 ms)

AssetImportParameters requested are different than current active one (requested -> active):
  custom:video-decoder-ogg-theora: a1e56fd34408186e4bbccfd4996cb3dc -> 
  custom:container-muxer-webm: aa71ff27fc2769a1b78a27578f13a17b -> 
  custom:container-demuxer-webm: 4f35f7cbe854078d1ac9338744f61a02 -> 
  custom:container-demuxer-ogg: 62fdf1f143b41e24485cea50d1cbac27 -> 
  custom:video-encoder-webm-vp8: eb34c28f22e8b96e1ab97ce403110664 -> 
  custom:framework-osx-AVFoundation: b23960f63f64bdc6ff669e2cdcee2391 -> 
  custom:video-decoder-webm-vp8: 9c59270c3fd7afecdb556c50c9e8de78 -> 
  custom:audio-decoder-ogg-vorbis: bf7c407c2cedff20999df2af8eb42d56 -> 
  custom:audio-encoder-webm-vorbis: bf7c407c2cedff20999df2af8eb42d56 -> 
========================================================================
Received Prepare
Registering precompiled user dll's ...
Registered in 0.002324 seconds.
Begin MonoManager ReloadAssembly
Native extension for WindowsStandalone target not found
Native extension for OSXStandalone target not found
Native extension for WebGL target not found
Refreshing native plugins compatible for Editor in 0.64 ms, found 3 plugins.
Preloading 0 native plugins for Editor in 0.00 ms.
Mono: successfully reloaded assembly
- Completed reload, in  1.172 seconds
Platform modules already initialized, skipping
Shader 'Universal Render Pipeline/Particles/Lit': fallback shader 'Universal Render Pipeline/Particles/SimpleLit' not found
Refreshing native plugins compatible for Editor in 0.67 ms, found 3 plugins.
Preloading 0 native plugins for Editor in 0.00 ms.
Unloading 3673 Unused Serialized files (Serialized files now loaded: 0)
System memory in use before: 273.1 MB.
System memory in use after: 273.2 MB.

Unloading 23 unused Assets to reduce memory usage. Loaded Objects now: 4281.
Total: 2.913542 ms (FindLiveObjects: 0.336419 ms CreateObjectMapping: 0.126727 ms MarkObjects: 2.313324 ms  DeleteObjects: 0.136265 ms)

AssetImportParameters requested are different than current active one (requested -> active):
  custom:video-decoder-ogg-theora: a1e56fd34408186e4bbccfd4996cb3dc -> 
  custom:container-muxer-webm: aa71ff27fc2769a1b78a27578f13a17b -> 
  custom:container-demuxer-webm: 4f35f7cbe854078d1ac9338744f61a02 -> 
  custom:container-demuxer-ogg: 62fdf1f143b41e24485cea50d1cbac27 -> 
  custom:video-encoder-webm-vp8: eb34c28f22e8b96e1ab97ce403110664 -> 
  custom:framework-osx-AVFoundation: b23960f63f64bdc6ff669e2cdcee2391 -> 
  custom:video-decoder-webm-vp8: 9c59270c3fd7afecdb556c50c9e8de78 -> 
  custom:audio-decoder-ogg-vorbis: bf7c407c2cedff20999df2af8eb42d56 -> 
  custom:audio-encoder-webm-vorbis: bf7c407c2cedff20999df2af8eb42d56 -> 
========================================================================
Received Prepare
Registering precompiled user dll's ...
Registered in 0.002110 seconds.
Begin MonoManager ReloadAssembly
Native extension for WindowsStandalone target not found
Native extension for OSXStandalone target not found
Native extension for WebGL target not found
Refreshing native plugins compatible for Editor in 0.65 ms, found 3 plugins.
Preloading 0 native plugins for Editor in 0.00 ms.
Mono: successfully reloaded assembly
- Completed reload, in  1.194 seconds
Platform modules already initialized, skipping
Shader 'Universal Render Pipeline/Particles/Lit': fallback shader 'Universal Render Pipeline/Particles/SimpleLit' not found
Refreshing native plugins compatible for Editor in 0.64 ms, found 3 plugins.
Preloading 0 native plugins for Editor in 0.00 ms.
Unloading 3673 Unused Serialized files (Serialized files now loaded: 0)
System memory in use before: 273.3 MB.
System memory in use after: 273.4 MB.

Unloading 23 unused Assets to reduce memory usage. Loaded Objects now: 4284.
Total: 3.292887 ms (FindLiveObjects: 0.435595 ms CreateObjectMapping: 0.181832 ms MarkObjects: 2.529992 ms  DeleteObjects: 0.144511 ms)

AssetImportParameters requested are different than current active one (requested -> active):
  custom:video-decoder-ogg-theora: a1e56fd34408186e4bbccfd4996cb3dc -> 
  custom:container-muxer-webm: aa71ff27fc2769a1b78a27578f13a17b -> 
  custom:container-demuxer-webm: 4f35f7cbe854078d1ac9338744f61a02 -> 
  custom:container-demuxer-ogg: 62fdf1f143b41e24485cea50d1cbac27 -> 
  custom:video-encoder-webm-vp8: eb34c28f22e8b96e1ab97ce403110664 -> 
  custom:framework-osx-AVFoundation: b23960f63f64bdc6ff669e2cdcee2391 -> 
  custom:video-decoder-webm-vp8: 9c59270c3fd7afecdb556c50c9e8de78 -> 
  custom:audio-decoder-ogg-vorbis: bf7c407c2cedff20999df2af8eb42d56 -> 
  custom:audio-encoder-webm-vorbis: bf7c407c2cedff20999df2af8eb42d56 -> 
========================================================================
Received Prepare
Registering precompiled user dll's ...
Registered in 0.002139 seconds.
Begin MonoManager ReloadAssembly
Native extension for WindowsStandalone target not found
Native extension for OSXStandalone target not found
Native extension for WebGL target not found
Refreshing native plugins compatible for Editor in 0.67 ms, found 3 plugins.
Preloading 0 native plugins for Editor in 0.00 ms.
Mono: successfully reloaded assembly
- Completed reload, in  1.194 seconds
Platform modules already initialized, skipping
Shader 'Universal Render Pipeline/Particles/Lit': fallback shader 'Universal Render Pipeline/Particles/SimpleLit' not found
Refreshing native plugins compatible for Editor in 0.74 ms, found 3 plugins.
Preloading 0 native plugins for Editor in 0.00 ms.
Unloading 3673 Unused Serialized files (Serialized files now loaded: 0)
System memory in use before: 273.6 MB.
System memory in use after: 273.7 MB.

Unloading 23 unused Assets to reduce memory usage. Loaded Objects now: 4287.
Total: 3.490957 ms (FindLiveObjects: 0.332599 ms CreateObjectMapping: 0.141584 ms MarkObjects: 2.887235 ms  DeleteObjects: 0.128362 ms)

AssetImportParameters requested are different than current active one (requested -> active):
  custom:video-decoder-ogg-theora: a1e56fd34408186e4bbccfd4996cb3dc -> 
  custom:container-muxer-webm: aa71ff27fc2769a1b78a27578f13a17b -> 
  custom:container-demuxer-webm: 4f35f7cbe854078d1ac9338744f61a02 -> 
  custom:container-demuxer-ogg: 62fdf1f143b41e24485cea50d1cbac27 -> 
  custom:video-encoder-webm-vp8: eb34c28f22e8b96e1ab97ce403110664 -> 
  custom:framework-osx-AVFoundation: b23960f63f64bdc6ff669e2cdcee2391 -> 
  custom:video-decoder-webm-vp8: 9c59270c3fd7afecdb556c50c9e8de78 -> 
  custom:audio-decoder-ogg-vorbis: bf7c407c2cedff20999df2af8eb42d56 -> 
  custom:audio-encoder-webm-vorbis: bf7c407c2cedff20999df2af8eb42d56 -> 
========================================================================
Received Import Request.
  Time since last request: 101.729989 seconds.
  path: Assets/_Scenes/0Town.unity
  artifactKey: Guid(7719fa95baaeb4a52b404dcb8a2f2356) Importer(815301076,1909f56bfc062723c751e8b465ee728b)
Start importing Assets/_Scenes/0Town.unity using Guid(7719fa95baaeb4a52b404dcb8a2f2356) Importer(815301076,1909f56bfc062723c751e8b465ee728b)  -> (artifact id: 'd48668d6cc0658637f35cd265a464a0d') in 0.014625 seconds 
  Import took 0.020239 seconds .

========================================================================
Received Import Request.
  Time since last request: 0.000123 seconds.
  path: Assets/_Scenes/1House.unity
  artifactKey: Guid(04e5bfdc2f5644c05af1c6a885e314f8) Importer(815301076,1909f56bfc062723c751e8b465ee728b)
Start importing Assets/_Scenes/1House.unity using Guid(04e5bfdc2f5644c05af1c6a885e314f8) Importer(815301076,1909f56bfc062723c751e8b465ee728b)  -> (artifact id: '9feaca4a75495e8fc360cba1760ccc14') in 0.005049 seconds 
  Import took 0.009518 seconds .

========================================================================
Received Prepare
Registering precompiled user dll's ...
Registered in 0.002190 seconds.
Begin MonoManager ReloadAssembly
Native extension for WindowsStandalone target not found
Native extension for OSXStandalone target not found
Native extension for WebGL target not found
Refreshing native plugins compatible for Editor in 0.72 ms, found 3 plugins.
Preloading 0 native plugins for Editor in 0.00 ms.
Mono: successfully reloaded assembly
- Completed reload, in  1.198 seconds
Platform modules already initialized, skipping
Shader 'Universal Render Pipeline/Particles/Lit': fallback shader 'Universal Render Pipeline/Particles/SimpleLit' not found
Refreshing native plugins compatible for Editor in 0.64 ms, found 3 plugins.
Preloading 0 native plugins for Editor in 0.00 ms.
Unloading 3673 Unused Serialized files (Serialized files now loaded: 0)
System memory in use before: 273.9 MB.
System memory in use after: 274.0 MB.

Unloading 23 unused Assets to reduce memory usage. Loaded Objects now: 4290.
Total: 2.911774 ms (FindLiveObjects: 0.568930 ms CreateObjectMapping: 0.154631 ms MarkObjects: 2.078906 ms  DeleteObjects: 0.108543 ms)

AssetImportParameters requested are different than current active one (requested -> active):
  custom:video-decoder-ogg-theora: a1e56fd34408186e4bbccfd4996cb3dc -> 
  custom:container-muxer-webm: aa71ff27fc2769a1b78a27578f13a17b -> 
  custom:container-demuxer-webm: 4f35f7cbe854078d1ac9338744f61a02 -> 
  custom:container-demuxer-ogg: 62fdf1f143b41e24485cea50d1cbac27 -> 
  custom:video-encoder-webm-vp8: eb34c28f22e8b96e1ab97ce403110664 -> 
  custom:framework-osx-AVFoundation: b23960f63f64bdc6ff669e2cdcee2391 -> 
  custom:video-decoder-webm-vp8: 9c59270c3fd7afecdb556c50c9e8de78 -> 
  custom:audio-decoder-ogg-vorbis: bf7c407c2cedff20999df2af8eb42d56 -> 
  custom:audio-encoder-webm-vorbis: bf7c407c2cedff20999df2af8eb42d56 -> 
========================================================================
Received Prepare
Registering precompiled user dll's ...
Registered in 0.002268 seconds.
Begin MonoManager ReloadAssembly
Native extension for WindowsStandalone target not found
Native extension for OSXStandalone target not found
Native extension for WebGL target not found
Refreshing native plugins compatible for Editor in 0.65 ms, found 3 plugins.
Preloading 0 native plugins for Editor in 0.00 ms.
Mono: successfully reloaded assembly
- Completed reload, in  1.182 seconds
Platform modules already initialized, skipping
Shader 'Universal Render Pipeline/Particles/Lit': fallback shader 'Universal Render Pipeline/Particles/SimpleLit' not found
Refreshing native plugins compatible for Editor in 0.71 ms, found 3 plugins.
Preloading 0 native plugins for Editor in 0.00 ms.
Unloading 3673 Unused Serialized files (Serialized files now loaded: 0)
System memory in use before: 274.1 MB.
System memory in use after: 274.2 MB.

Unloading 23 unused Assets to reduce memory usage. Loaded Objects now: 4293.
Total: 2.808527 ms (FindLiveObjects: 0.322325 ms CreateObjectMapping: 0.145769 ms MarkObjects: 2.233044 ms  DeleteObjects: 0.106657 ms)

AssetImportParameters requested are different than current active one (requested -> active):
  custom:video-decoder-ogg-theora: a1e56fd34408186e4bbccfd4996cb3dc -> 
  custom:container-muxer-webm: aa71ff27fc2769a1b78a27578f13a17b -> 
  custom:container-demuxer-webm: 4f35f7cbe854078d1ac9338744f61a02 -> 
  custom:container-demuxer-ogg: 62fdf1f143b41e24485cea50d1cbac27 -> 
  custom:video-encoder-webm-vp8: eb34c28f22e8b96e1ab97ce403110664 -> 
  custom:framework-osx-AVFoundation: b23960f63f64bdc6ff669e2cdcee2391 -> 
  custom:video-decoder-webm-vp8: 9c59270c3fd7afecdb556c50c9e8de78 -> 
  custom:audio-decoder-ogg-vorbis: bf7c407c2cedff20999df2af8eb42d56 -> 
  custom:audio-encoder-webm-vorbis: bf7c407c2cedff20999df2af8eb42d56 -> 
========================================================================
Received Import Request.
  Time since last request: 573.183907 seconds.
  path: Assets/_Scripts/Upgrades/UpgradeToClimb.cs
  artifactKey: Guid(30f48d7bd95b44ddda8dbb4edfb286ae) Importer(815301076,1909f56bfc062723c751e8b465ee728b)
Start importing Assets/_Scripts/Upgrades/UpgradeToClimb.cs using Guid(30f48d7bd95b44ddda8dbb4edfb286ae) Importer(815301076,1909f56bfc062723c751e8b465ee728b)  -> (artifact id: '52103cf7d2645d1591a4691b5a60ca40') in 0.265386 seconds 
  Import took 0.271039 seconds .

========================================================================
Received Import Request.
  Time since last request: 0.663046 seconds.
  path: Assets/_Scripts/Upgrades/UpgradeToCrouch.cs
  artifactKey: Guid(033e97aa9b63c4dd5886eb290e68bfb6) Importer(815301076,1909f56bfc062723c751e8b465ee728b)
Start importing Assets/_Scripts/Upgrades/UpgradeToCrouch.cs using Guid(033e97aa9b63c4dd5886eb290e68bfb6) Importer(815301076,1909f56bfc062723c751e8b465ee728b)  -> (artifact id: '789abf8b65d577c139eb1683ca0f278f') in 0.006185 seconds 
  Import took 0.012778 seconds .

========================================================================
Received Import Request.
  Time since last request: 0.000247 seconds.
  path: Assets/_Scripts/Upgrades/UpgradeToCrouch.cs
  artifactKey: Guid(033e97aa9b63c4dd5886eb290e68bfb6) Importer(815301076,1909f56bfc062723c751e8b465ee728b)
Start importing Assets/_Scripts/Upgrades/UpgradeToCrouch.cs using Guid(033e97aa9b63c4dd5886eb290e68bfb6) Importer(815301076,1909f56bfc062723c751e8b465ee728b)  -> (artifact id: '789abf8b65d577c139eb1683ca0f278f') in 0.005193 seconds 
  Import took 0.011237 seconds .

========================================================================
Received Import Request.
  Time since last request: 0.880050 seconds.
  path: Assets/_Scripts/Upgrades/UpgradeToDash.cs
  artifactKey: Guid(bcd257e9828cd4ccc8466a798180985a) Importer(815301076,1909f56bfc062723c751e8b465ee728b)
Start importing Assets/_Scripts/Upgrades/UpgradeToDash.cs using Guid(bcd257e9828cd4ccc8466a798180985a) Importer(815301076,1909f56bfc062723c751e8b465ee728b)  -> (artifact id: 'a7794207f25bc3743f74c0c4d261101d') in 0.005112 seconds 
  Import took 0.011081 seconds .

========================================================================
Received Import Request.
  Time since last request: 0.838282 seconds.
  path: Assets/_Scripts/Upgrades/UpgradeToGlide.cs
  artifactKey: Guid(b15c8ea1c2c7c4dc1956ae95d3f11d89) Importer(815301076,1909f56bfc062723c751e8b465ee728b)
Start importing Assets/_Scripts/Upgrades/UpgradeToGlide.cs using Guid(b15c8ea1c2c7c4dc1956ae95d3f11d89) Importer(815301076,1909f56bfc062723c751e8b465ee728b)  -> (artifact id: 'fb7de4ae3f1c7843328f95bceb401738') in 0.004910 seconds 
  Import took 0.010575 seconds .

========================================================================
Received Import Request.
  Time since last request: 0.898928 seconds.
  path: Assets/_Scripts/Upgrades/UpgradeToDoubleJump.cs
  artifactKey: Guid(3a0e2796c52084f9e99f7966a175ad20) Importer(815301076,1909f56bfc062723c751e8b465ee728b)
Start importing Assets/_Scripts/Upgrades/UpgradeToDoubleJump.cs using Guid(3a0e2796c52084f9e99f7966a175ad20) Importer(815301076,1909f56bfc062723c751e8b465ee728b)  -> (artifact id: '24cdc8a621ea3f14aeca15cf259dcbb0') in 0.004893 seconds 
  Import took 0.010058 seconds .

========================================================================
Received Import Request.
  Time since last request: 0.000228 seconds.
  path: Assets/_Scripts/Upgrades/UpgradeToDoubleJump.cs
  artifactKey: Guid(3a0e2796c52084f9e99f7966a175ad20) Importer(815301076,1909f56bfc062723c751e8b465ee728b)
Start importing Assets/_Scripts/Upgrades/UpgradeToDoubleJump.cs using Guid(3a0e2796c52084f9e99f7966a175ad20) Importer(815301076,1909f56bfc062723c751e8b465ee728b)  -> (artifact id: '24cdc8a621ea3f14aeca15cf259dcbb0') in 0.004571 seconds 
  Import took 0.009120 seconds .

========================================================================
Received Import Request.
  Time since last request: 1.286808 seconds.
  path: Assets/_Scripts/Upgrades/UpgradeToWallJump.cs
  artifactKey: Guid(970fd182b7ef940439850a09dfad1dfc) Importer(815301076,1909f56bfc062723c751e8b465ee728b)
Start importing Assets/_Scripts/Upgrades/UpgradeToWallJump.cs using Guid(970fd182b7ef940439850a09dfad1dfc) Importer(815301076,1909f56bfc062723c751e8b465ee728b)  -> (artifact id: '396d722622724fb0b3cb00b69c1eb24f') in 0.005867 seconds 
  Import took 0.012257 seconds .

========================================================================
Received Prepare
Registering precompiled user dll's ...
Registered in 0.002269 seconds.
Begin MonoManager ReloadAssembly
Native extension for WindowsStandalone target not found
Native extension for OSXStandalone target not found
Native extension for WebGL target not found
Refreshing native plugins compatible for Editor in 0.65 ms, found 3 plugins.
Preloading 0 native plugins for Editor in 0.00 ms.
Mono: successfully reloaded assembly
- Completed reload, in  1.181 seconds
Platform modules already initialized, skipping
Shader 'Universal Render Pipeline/Particles/Lit': fallback shader 'Universal Render Pipeline/Particles/SimpleLit' not found
Refreshing native plugins compatible for Editor in 0.75 ms, found 3 plugins.
Preloading 0 native plugins for Editor in 0.00 ms.
Unloading 3673 Unused Serialized files (Serialized files now loaded: 0)
System memory in use before: 278.6 MB.
System memory in use after: 278.7 MB.

Unloading 23 unused Assets to reduce memory usage. Loaded Objects now: 4296.
Total: 3.001860 ms (FindLiveObjects: 0.330191 ms CreateObjectMapping: 0.157746 ms MarkObjects: 2.386780 ms  DeleteObjects: 0.126389 ms)

AssetImportParameters requested are different than current active one (requested -> active):
  custom:video-decoder-ogg-theora: a1e56fd34408186e4bbccfd4996cb3dc -> 
  custom:container-muxer-webm: aa71ff27fc2769a1b78a27578f13a17b -> 
  custom:container-demuxer-webm: 4f35f7cbe854078d1ac9338744f61a02 -> 
  custom:container-demuxer-ogg: 62fdf1f143b41e24485cea50d1cbac27 -> 
  custom:video-encoder-webm-vp8: eb34c28f22e8b96e1ab97ce403110664 -> 
  custom:framework-osx-AVFoundation: b23960f63f64bdc6ff669e2cdcee2391 -> 
  custom:video-decoder-webm-vp8: 9c59270c3fd7afecdb556c50c9e8de78 -> 
  custom:audio-decoder-ogg-vorbis: bf7c407c2cedff20999df2af8eb42d56 -> 
  custom:audio-encoder-webm-vorbis: bf7c407c2cedff20999df2af8eb42d56 -> 
========================================================================
Received Prepare
Registering precompiled user dll's ...
Registered in 0.002226 seconds.
Begin MonoManager ReloadAssembly
Native extension for WindowsStandalone target not found
Native extension for OSXStandalone target not found
Native extension for WebGL target not found
Refreshing native plugins compatible for Editor in 0.75 ms, found 3 plugins.
Preloading 0 native plugins for Editor in 0.00 ms.
Mono: successfully reloaded assembly
- Completed reload, in  1.224 seconds
Platform modules already initialized, skipping
Shader 'Universal Render Pipeline/Particles/Lit': fallback shader 'Universal Render Pipeline/Particles/SimpleLit' not found
Refreshing native plugins compatible for Editor in 0.84 ms, found 3 plugins.
Preloading 0 native plugins for Editor in 0.00 ms.
Unloading 3673 Unused Serialized files (Serialized files now loaded: 0)
System memory in use before: 278.9 MB.
System memory in use after: 279.0 MB.

Unloading 23 unused Assets to reduce memory usage. Loaded Objects now: 4299.
Total: 2.754190 ms (FindLiveObjects: 0.340216 ms CreateObjectMapping: 0.154390 ms MarkObjects: 2.155997 ms  DeleteObjects: 0.102683 ms)

AssetImportParameters requested are different than current active one (requested -> active):
  custom:video-decoder-ogg-theora: a1e56fd34408186e4bbccfd4996cb3dc -> 
  custom:container-muxer-webm: aa71ff27fc2769a1b78a27578f13a17b -> 
  custom:container-demuxer-webm: 4f35f7cbe854078d1ac9338744f61a02 -> 
  custom:container-demuxer-ogg: 62fdf1f143b41e24485cea50d1cbac27 -> 
  custom:video-encoder-webm-vp8: eb34c28f22e8b96e1ab97ce403110664 -> 
  custom:framework-osx-AVFoundation: b23960f63f64bdc6ff669e2cdcee2391 -> 
  custom:video-decoder-webm-vp8: 9c59270c3fd7afecdb556c50c9e8de78 -> 
  custom:audio-decoder-ogg-vorbis: bf7c407c2cedff20999df2af8eb42d56 -> 
  custom:audio-encoder-webm-vorbis: bf7c407c2cedff20999df2af8eb42d56 -> 
========================================================================
Received Prepare
Registering precompiled user dll's ...
Registered in 0.002176 seconds.
Begin MonoManager ReloadAssembly
Native extension for WindowsStandalone target not found
Native extension for OSXStandalone target not found
Native extension for WebGL target not found
Refreshing native plugins compatible for Editor in 0.71 ms, found 3 plugins.
Preloading 0 native plugins for Editor in 0.00 ms.
Mono: successfully reloaded assembly
- Completed reload, in  1.181 seconds
Platform modules already initialized, skipping
Shader 'Universal Render Pipeline/Particles/Lit': fallback shader 'Universal Render Pipeline/Particles/SimpleLit' not found
Refreshing native plugins compatible for Editor in 0.66 ms, found 3 plugins.
Preloading 0 native plugins for Editor in 0.00 ms.
Unloading 3673 Unused Serialized files (Serialized files now loaded: 0)
System memory in use before: 279.2 MB.
System memory in use after: 279.3 MB.

Unloading 23 unused Assets to reduce memory usage. Loaded Objects now: 4302.
Total: 2.662222 ms (FindLiveObjects: 0.322814 ms CreateObjectMapping: 0.148832 ms MarkObjects: 2.078206 ms  DeleteObjects: 0.111677 ms)

AssetImportParameters requested are different than current active one (requested -> active):
  custom:video-decoder-ogg-theora: a1e56fd34408186e4bbccfd4996cb3dc -> 
  custom:container-muxer-webm: aa71ff27fc2769a1b78a27578f13a17b -> 
  custom:container-demuxer-webm: 4f35f7cbe854078d1ac9338744f61a02 -> 
  custom:container-demuxer-ogg: 62fdf1f143b41e24485cea50d1cbac27 -> 
  custom:video-encoder-webm-vp8: eb34c28f22e8b96e1ab97ce403110664 -> 
  custom:framework-osx-AVFoundation: b23960f63f64bdc6ff669e2cdcee2391 -> 
  custom:video-decoder-webm-vp8: 9c59270c3fd7afecdb556c50c9e8de78 -> 
  custom:audio-decoder-ogg-vorbis: bf7c407c2cedff20999df2af8eb42d56 -> 
  custom:audio-encoder-webm-vorbis: bf7c407c2cedff20999df2af8eb42d56 -> 
========================================================================
Received Prepare
Registering precompiled user dll's ...
Registered in 0.002212 seconds.
Begin MonoManager ReloadAssembly
Native extension for WindowsStandalone target not found
Native extension for OSXStandalone target not found
Native extension for WebGL target not found
Refreshing native plugins compatible for Editor in 0.65 ms, found 3 plugins.
Preloading 0 native plugins for Editor in 0.00 ms.
Mono: successfully reloaded assembly
- Completed reload, in  1.179 seconds
Platform modules already initialized, skipping
Shader 'Universal Render Pipeline/Particles/Lit': fallback shader 'Universal Render Pipeline/Particles/SimpleLit' not found
Refreshing native plugins compatible for Editor in 0.82 ms, found 3 plugins.
Preloading 0 native plugins for Editor in 0.00 ms.
Unloading 3673 Unused Serialized files (Serialized files now loaded: 0)
System memory in use before: 279.4 MB.
System memory in use after: 279.5 MB.

Unloading 23 unused Assets to reduce memory usage. Loaded Objects now: 4305.
Total: 2.847902 ms (FindLiveObjects: 0.333620 ms CreateObjectMapping: 0.145476 ms MarkObjects: 2.264404 ms  DeleteObjects: 0.103612 ms)

AssetImportParameters requested are different than current active one (requested -> active):
  custom:video-decoder-ogg-theora: a1e56fd34408186e4bbccfd4996cb3dc -> 
  custom:container-muxer-webm: aa71ff27fc2769a1b78a27578f13a17b -> 
  custom:container-demuxer-webm: 4f35f7cbe854078d1ac9338744f61a02 -> 
  custom:container-demuxer-ogg: 62fdf1f143b41e24485cea50d1cbac27 -> 
  custom:video-encoder-webm-vp8: eb34c28f22e8b96e1ab97ce403110664 -> 
  custom:framework-osx-AVFoundation: b23960f63f64bdc6ff669e2cdcee2391 -> 
  custom:video-decoder-webm-vp8: 9c59270c3fd7afecdb556c50c9e8de78 -> 
  custom:audio-decoder-ogg-vorbis: bf7c407c2cedff20999df2af8eb42d56 -> 
  custom:audio-encoder-webm-vorbis: bf7c407c2cedff20999df2af8eb42d56 -> 
========================================================================
Received Prepare
Registering precompiled user dll's ...
Registered in 0.002105 seconds.
Begin MonoManager ReloadAssembly
Native extension for WindowsStandalone target not found
Native extension for OSXStandalone target not found
Native extension for WebGL target not found
Refreshing native plugins compatible for Editor in 0.66 ms, found 3 plugins.
Preloading 0 native plugins for Editor in 0.00 ms.
Mono: successfully reloaded assembly
- Completed reload, in  1.218 seconds
Platform modules already initialized, skipping
Shader 'Universal Render Pipeline/Particles/Lit': fallback shader 'Universal Render Pipeline/Particles/SimpleLit' not found
Refreshing native plugins compatible for Editor in 0.67 ms, found 3 plugins.
Preloading 0 native plugins for Editor in 0.00 ms.
Unloading 3673 Unused Serialized files (Serialized files now loaded: 0)
System memory in use before: 279.7 MB.
System memory in use after: 279.8 MB.

Unloading 23 unused Assets to reduce memory usage. Loaded Objects now: 4308.
Total: 2.752418 ms (FindLiveObjects: 0.365830 ms CreateObjectMapping: 0.163954 ms MarkObjects: 2.118442 ms  DeleteObjects: 0.103585 ms)

AssetImportParameters requested are different than current active one (requested -> active):
  custom:video-decoder-ogg-theora: a1e56fd34408186e4bbccfd4996cb3dc -> 
  custom:container-muxer-webm: aa71ff27fc2769a1b78a27578f13a17b -> 
  custom:container-demuxer-webm: 4f35f7cbe854078d1ac9338744f61a02 -> 
  custom:container-demuxer-ogg: 62fdf1f143b41e24485cea50d1cbac27 -> 
  custom:video-encoder-webm-vp8: eb34c28f22e8b96e1ab97ce403110664 -> 
  custom:framework-osx-AVFoundation: b23960f63f64bdc6ff669e2cdcee2391 -> 
  custom:video-decoder-webm-vp8: 9c59270c3fd7afecdb556c50c9e8de78 -> 
  custom:audio-decoder-ogg-vorbis: bf7c407c2cedff20999df2af8eb42d56 -> 
  custom:audio-encoder-webm-vorbis: bf7c407c2cedff20999df2af8eb42d56 -> 
========================================================================
Received Prepare
Registering precompiled user dll's ...
Registered in 0.002160 seconds.
Begin MonoManager ReloadAssembly
Native extension for WindowsStandalone target not found
Native extension for OSXStandalone target not found
Native extension for WebGL target not found
Refreshing native plugins compatible for Editor in 0.74 ms, found 3 plugins.
Preloading 0 native plugins for Editor in 0.00 ms.
Mono: successfully reloaded assembly
- Completed reload, in  1.194 seconds
Platform modules already initialized, skipping
Shader 'Universal Render Pipeline/Particles/Lit': fallback shader 'Universal Render Pipeline/Particles/SimpleLit' not found
Refreshing native plugins compatible for Editor in 0.66 ms, found 3 plugins.
Preloading 0 native plugins for Editor in 0.00 ms.
Unloading 3673 Unused Serialized files (Serialized files now loaded: 0)
System memory in use before: 280.0 MB.
System memory in use after: 280.1 MB.

Unloading 23 unused Assets to reduce memory usage. Loaded Objects now: 4311.
Total: 2.665093 ms (FindLiveObjects: 0.381567 ms CreateObjectMapping: 0.154844 ms MarkObjects: 2.029987 ms  DeleteObjects: 0.098051 ms)

AssetImportParameters requested are different than current active one (requested -> active):
  custom:video-decoder-ogg-theora: a1e56fd34408186e4bbccfd4996cb3dc -> 
  custom:container-muxer-webm: aa71ff27fc2769a1b78a27578f13a17b -> 
  custom:container-demuxer-webm: 4f35f7cbe854078d1ac9338744f61a02 -> 
  custom:container-demuxer-ogg: 62fdf1f143b41e24485cea50d1cbac27 -> 
  custom:video-encoder-webm-vp8: eb34c28f22e8b96e1ab97ce403110664 -> 
  custom:framework-osx-AVFoundation: b23960f63f64bdc6ff669e2cdcee2391 -> 
  custom:video-decoder-webm-vp8: 9c59270c3fd7afecdb556c50c9e8de78 -> 
  custom:audio-decoder-ogg-vorbis: bf7c407c2cedff20999df2af8eb42d56 -> 
  custom:audio-encoder-webm-vorbis: bf7c407c2cedff20999df2af8eb42d56 -> 
========================================================================
Received Prepare
Registering precompiled user dll's ...
Registered in 0.002101 seconds.
Begin MonoManager ReloadAssembly
Native extension for WindowsStandalone target not found
Native extension for OSXStandalone target not found
Native extension for WebGL target not found
Refreshing native plugins compatible for Editor in 0.65 ms, found 3 plugins.
Preloading 0 native plugins for Editor in 0.00 ms.
Mono: successfully reloaded assembly
- Completed reload, in  1.181 seconds
Platform modules already initialized, skipping
Shader 'Universal Render Pipeline/Particles/Lit': fallback shader 'Universal Render Pipeline/Particles/SimpleLit' not found
Refreshing native plugins compatible for Editor in 0.79 ms, found 3 plugins.
Preloading 0 native plugins for Editor in 0.00 ms.
Unloading 3673 Unused Serialized files (Serialized files now loaded: 0)
System memory in use before: 280.2 MB.
System memory in use after: 280.3 MB.

Unloading 23 unused Assets to reduce memory usage. Loaded Objects now: 4314.
Total: 2.933914 ms (FindLiveObjects: 0.333624 ms CreateObjectMapping: 0.139962 ms MarkObjects: 2.355240 ms  DeleteObjects: 0.104351 ms)

AssetImportParameters requested are different than current active one (requested -> active):
  custom:video-decoder-ogg-theora: a1e56fd34408186e4bbccfd4996cb3dc -> 
  custom:container-muxer-webm: aa71ff27fc2769a1b78a27578f13a17b -> 
  custom:container-demuxer-webm: 4f35f7cbe854078d1ac9338744f61a02 -> 
  custom:container-demuxer-ogg: 62fdf1f143b41e24485cea50d1cbac27 -> 
  custom:video-encoder-webm-vp8: eb34c28f22e8b96e1ab97ce403110664 -> 
  custom:framework-osx-AVFoundation: b23960f63f64bdc6ff669e2cdcee2391 -> 
  custom:video-decoder-webm-vp8: 9c59270c3fd7afecdb556c50c9e8de78 -> 
  custom:audio-decoder-ogg-vorbis: bf7c407c2cedff20999df2af8eb42d56 -> 
  custom:audio-encoder-webm-vorbis: bf7c407c2cedff20999df2af8eb42d56 -> 
========================================================================
Received Prepare
Registering precompiled user dll's ...
Registered in 0.002223 seconds.
Begin MonoManager ReloadAssembly
Native extension for WindowsStandalone target not found
Native extension for OSXStandalone target not found
Native extension for WebGL target not found
Refreshing native plugins compatible for Editor in 0.65 ms, found 3 plugins.
Preloading 0 native plugins for Editor in 0.00 ms.
Mono: successfully reloaded assembly
- Completed reload, in  1.187 seconds
Platform modules already initialized, skipping
Shader 'Universal Render Pipeline/Particles/Lit': fallback shader 'Universal Render Pipeline/Particles/SimpleLit' not found
Refreshing native plugins compatible for Editor in 0.66 ms, found 3 plugins.
Preloading 0 native plugins for Editor in 0.00 ms.
Unloading 3673 Unused Serialized files (Serialized files now loaded: 0)
System memory in use before: 280.5 MB.
System memory in use after: 280.6 MB.

Unloading 23 unused Assets to reduce memory usage. Loaded Objects now: 4317.
Total: 2.982283 ms (FindLiveObjects: 0.336014 ms CreateObjectMapping: 0.144841 ms MarkObjects: 2.394506 ms  DeleteObjects: 0.105880 ms)

AssetImportParameters requested are different than current active one (requested -> active):
  custom:video-decoder-ogg-theora: a1e56fd34408186e4bbccfd4996cb3dc -> 
  custom:container-muxer-webm: aa71ff27fc2769a1b78a27578f13a17b -> 
  custom:container-demuxer-webm: 4f35f7cbe854078d1ac9338744f61a02 -> 
  custom:container-demuxer-ogg: 62fdf1f143b41e24485cea50d1cbac27 -> 
  custom:video-encoder-webm-vp8: eb34c28f22e8b96e1ab97ce403110664 -> 
  custom:framework-osx-AVFoundation: b23960f63f64bdc6ff669e2cdcee2391 -> 
  custom:video-decoder-webm-vp8: 9c59270c3fd7afecdb556c50c9e8de78 -> 
  custom:audio-decoder-ogg-vorbis: bf7c407c2cedff20999df2af8eb42d56 -> 
  custom:audio-encoder-webm-vorbis: bf7c407c2cedff20999df2af8eb42d56 -> 
========================================================================
Received Prepare
Registering precompiled user dll's ...
Registered in 0.002210 seconds.
Begin MonoManager ReloadAssembly
Native extension for WindowsStandalone target not found
Native extension for OSXStandalone target not found
Native extension for WebGL target not found
Refreshing native plugins compatible for Editor in 0.65 ms, found 3 plugins.
Preloading 0 native plugins for Editor in 0.00 ms.
Mono: successfully reloaded assembly
- Completed reload, in  1.172 seconds
Platform modules already initialized, skipping
Shader 'Universal Render Pipeline/Particles/Lit': fallback shader 'Universal Render Pipeline/Particles/SimpleLit' not found
Refreshing native plugins compatible for Editor in 0.65 ms, found 3 plugins.
Preloading 0 native plugins for Editor in 0.00 ms.
Unloading 3673 Unused Serialized files (Serialized files now loaded: 0)
System memory in use before: 280.7 MB.
System memory in use after: 280.9 MB.

Unloading 23 unused Assets to reduce memory usage. Loaded Objects now: 4320.
Total: 2.757357 ms (FindLiveObjects: 0.339419 ms CreateObjectMapping: 0.146826 ms MarkObjects: 2.164284 ms  DeleteObjects: 0.106186 ms)

AssetImportParameters requested are different than current active one (requested -> active):
  custom:video-decoder-ogg-theora: a1e56fd34408186e4bbccfd4996cb3dc -> 
  custom:container-muxer-webm: aa71ff27fc2769a1b78a27578f13a17b -> 
  custom:container-demuxer-webm: 4f35f7cbe854078d1ac9338744f61a02 -> 
  custom:container-demuxer-ogg: 62fdf1f143b41e24485cea50d1cbac27 -> 
  custom:video-encoder-webm-vp8: eb34c28f22e8b96e1ab97ce403110664 -> 
  custom:framework-osx-AVFoundation: b23960f63f64bdc6ff669e2cdcee2391 -> 
  custom:video-decoder-webm-vp8: 9c59270c3fd7afecdb556c50c9e8de78 -> 
  custom:audio-decoder-ogg-vorbis: bf7c407c2cedff20999df2af8eb42d56 -> 
  custom:audio-encoder-webm-vorbis: bf7c407c2cedff20999df2af8eb42d56 -> 
